[03:55:02] [Client thread/INFO]: Setting user: Octave
[03:55:03] [Client thread/INFO]: LWJGL Version: 2.9.4
[03:55:03] [Client thread/INFO]: Reloading ResourceManager: Default
[03:55:04] [Client thread/WARN]: Missing sound for event: craftyourmind:sound/entity/minotaure/attack
[03:55:04] [Sound Library Loader/INFO]: Starting up SoundSystem...
[03:55:04] [Thread-16/INFO]: Initializing LWJGL OpenAL
[03:55:04] [Thread-16/INFO]: (The LWJGL binding of OpenAL.  For more information, see http://www.lwjgl.org)
[03:55:04] [Thread-16/INFO]: OpenAL initialized.
[03:55:04] [Client thread/WARN]: Unable to load item model: 'craftyourmind:item/heal_stone' for item: 'craftyourmind:heal_stone'
java.io.FileNotFoundException: craftyourmind:models/item/heal_stone.json
	at bvw.a(FallbackResourceManager.java:62) ~[minecraft.jar:?]
	at bwi.a(SimpleReloadableResourceManager.java:63) ~[minecraft.jar:?]
	at bxo.c(ModelBakery.java:282) ~[minecraft.jar:?]
	at bxo.a(ModelBakery.java:344) ~[minecraft.jar:?]
	at bxo.f(ModelBakery.java:318) ~[minecraft.jar:?]
	at bxo.c(ModelBakery.java:141) ~[minecraft.jar:?]
	at bxo.a(ModelBakery.java:69) ~[minecraft.jar:?]
	at bxp.a(SourceFile:23) ~[minecraft.jar:?]
	at bwi.a(SimpleReloadableResourceManager.java:113) ~[minecraft.jar:?]
	at bcd.an(Minecraft.java:515) ~[minecraft.jar:?]
	at bcd.a(Minecraft.java:368) ~[minecraft.jar:?]
	at net.minecraft.client.main.Main.main(Main.java:116) ~[minecraft.jar:?]
	at sun.reflect.NativeMethodAccessorImpl.invoke0(Native Method) ~[?:1.8.0_241]
	at sun.reflect.NativeMethodAccessorImpl.invoke(NativeMethodAccessorImpl.java:62) ~[?:1.8.0_241]
	at sun.reflect.DelegatingMethodAccessorImpl.invoke(DelegatingMethodAccessorImpl.java:43) ~[?:1.8.0_241]
	at java.lang.reflect.Method.invoke(Method.java:498) ~[?:1.8.0_241]
	at fr.theshark34.openlauncherlib.internal.InternalLauncher.launch(InternalLauncher.java:173) ~[openlauncherlib-3.0.5.jar:?]
	at fr.craftyourmind.launcher.util.Launcher.launchGame(Launcher.java:65) ~[CYMLauncher/:?]
	at fr.craftyourmind.launcher.util.Launcher.lambda$update$0(Launcher.java:52) ~[CYMLauncher/:?]
	at java.lang.Thread.run(Thread.java:748) [?:1.8.0_241]
[03:55:04] [Client thread/WARN]: Unable to load item model: 'craftyourmind:item/luck_stone' for item: 'craftyourmind:luck_stone'
java.io.FileNotFoundException: craftyourmind:models/item/luck_stone.json
	at bvw.a(FallbackResourceManager.java:62) ~[minecraft.jar:?]
	at bwi.a(SimpleReloadableResourceManager.java:63) ~[minecraft.jar:?]
	at bxo.c(ModelBakery.java:282) ~[minecraft.jar:?]
	at bxo.a(ModelBakery.java:344) ~[minecraft.jar:?]
	at bxo.f(ModelBakery.java:318) ~[minecraft.jar:?]
	at bxo.c(ModelBakery.java:141) ~[minecraft.jar:?]
	at bxo.a(ModelBakery.java:69) ~[minecraft.jar:?]
	at bxp.a(SourceFile:23) ~[minecraft.jar:?]
	at bwi.a(SimpleReloadableResourceManager.java:113) ~[minecraft.jar:?]
	at bcd.an(Minecraft.java:515) ~[minecraft.jar:?]
	at bcd.a(Minecraft.java:368) ~[minecraft.jar:?]
	at net.minecraft.client.main.Main.main(Main.java:116) ~[minecraft.jar:?]
	at sun.reflect.NativeMethodAccessorImpl.invoke0(Native Method) ~[?:1.8.0_241]
	at sun.reflect.NativeMethodAccessorImpl.invoke(NativeMethodAccessorImpl.java:62) ~[?:1.8.0_241]
	at sun.reflect.DelegatingMethodAccessorImpl.invoke(DelegatingMethodAccessorImpl.java:43) ~[?:1.8.0_241]
	at java.lang.reflect.Method.invoke(Method.java:498) ~[?:1.8.0_241]
	at fr.theshark34.openlauncherlib.internal.InternalLauncher.launch(InternalLauncher.java:173) ~[openlauncherlib-3.0.5.jar:?]
	at fr.craftyourmind.launcher.util.Launcher.launchGame(Launcher.java:65) ~[CYMLauncher/:?]
	at fr.craftyourmind.launcher.util.Launcher.lambda$update$0(Launcher.java:52) ~[CYMLauncher/:?]
	at java.lang.Thread.run(Thread.java:748) [?:1.8.0_241]
[03:55:04] [Sound Library Loader/INFO]: Sound engine started
[03:55:05] [Client thread/INFO]: Created: 1024x512 textures-atlas
[03:55:06] [Client thread/WARN]: Missing model for: craftyourmind:item/heal_stone
[03:55:06] [Client thread/WARN]: Missing model for: craftyourmind:item/luck_stone
[03:55:08] [Server Connector #1/ERROR]: Couldn't connect to server
java.lang.NullPointerException
	at beg$1.run(GuiConnecting.java:72) [minecraft.jar:?]
[03:55:26] [Server Connector #2/ERROR]: Couldn't connect to server
java.lang.NullPointerException
	at beg$1.run(GuiConnecting.java:72) [minecraft.jar:?]
